<?xml version="1.0" encoding="UTF-8"?>
<!-- Generated by org.testng.reporters.JUnitReportReporter -->
<testsuite hostname="DESKTOP-VATQQUM" failures="0" tests="2" name="testCases.CommonCases" time="32.671" errors="0" timestamp="2021-02-22T07:57:07 GMT-08:00" skipped="1">
  <testcase classname="testCases.CommonCases" name="everyCase" time="32.671"/>
  <system-out/>
  <testcase classname="testCases.CommonCases" name="allInOne">
    <skipped/>
  </testcase> <!-- allInOne -->
  <system-out/>
</testsuite> <!-- testCases.CommonCases -->
